cnc_ping_request_w
cnc_version_r
cnc_error_message_r
cnc_error_message_value_r
cnc_act_plc_string_0_r
mc_error_message_r
mc_error_message_value_r
mc_active_g_functions_r
mc_act_plc_string_5_r
mc_ax_1_active_position_pcs_r
mc_ax_1_curr_position_pcs_r
mc_ax_1_distance_to_go_pcs_r
mc_ax_1_end_position_pcs_r
mc_ax_2_active_position_pcs_r
mc_ax_2_curr_position_pcs_r
mc_ax_2_distance_to_go_pcs_r
mc_ax_2_end_position_pcs_r
mc_ax_3_active_position_pcs_r
mc_ax_3_curr_position_pcs_r
mc_ax_3_distance_to_go_pcs_r
mc_ax_3_end_position_pcs_r
mc_ax_4_active_position_pcs_r
mc_ax_4_curr_position_pcs_r
mc_ax_4_distance_to_go_pcs_r
mc_ax_4_end_position_pcs_r
mc_ax_5_active_position_pcs_r
mc_ax_5_curr_position_pcs_r
mc_ax_5_distance_to_go_pcs_r
mc_ax_5_end_position_pcs_r
mc_ax_6_active_position_pcs_r
mc_ax_6_curr_position_pcs_r
mc_ax_6_distance_to_go_pcs_r
mc_ax_6_end_position_pcs_r
mc_axis_1_homing_done_r
mc_axis_1_logical_no_r
mc_axis_1_name_r
mc_axis_1_state_r
mc_axis_1_type_r
mc_axis_2_homing_done_r
mc_axis_2_logical_no_r
mc_axis_2_name_r
mc_axis_2_state_r
mc_axis_2_type_r
mc_axis_3_homing_done_r
mc_axis_3_logical_no_r
mc_axis_3_name_r
mc_axis_3_state_r
mc_axis_3_type_r
mc_axis_4_homing_done_r
mc_axis_4_logical_no_r
mc_axis_4_name_r
mc_axis_4_state_r
mc_axis_4_type_r
mc_axis_5_homing_done_r
mc_axis_5_logical_no_r
mc_axis_5_name_r
mc_axis_5_state_r
mc_axis_5_type_r
mc_axis_6_homing_done_r
mc_axis_6_logical_no_r
mc_axis_6_name_r
mc_axis_6_state_r
mc_axis_6_type_r
mc_sda_mds_file_w
mc_clamp_position_file_w
mc_zero_offset_file_w
mc_tool_file_w