;
;  HMI-Server Objects
;
;
;
;  Definition of Types (Source compiler.inc):
;
;
;  0 TYP_NONE,               Unknown Data type, maybe generic, token of type NONE   
;  1 TYP_BOOLEAN,            Type of a BOOLEAN variable and of a token of type BOOLEAN 
;  2 TYP_UNS08,              Type of a UNS08 variable and of a token of type UNS08   
;  3 TYP_SGN08,              Type of a SGN08 variable and of a token of type SGN08   
;  4 TYP_UNS16,              Type of a UNS16 variable and of a token of type UNS16   
;  5 TYP_SGN16,              Type of a SGN16 variable and of a token of type SGN16   
;  6 TYP_UNS32,              Type of a UNS32 variable and of a token of type UNS32   
;  7 TYP_SGN32,              Type of a SGN32 variable and of a token of type SGN32   
;  8 TYP_UNS64,              Type of a UNS64 variable and of a token of type UNS64   
;  9 TYP_SGN64,              Type of a SGN64 variable and of a token of type SGN64   
;  10 TYP_REAL64,            Type of a REAL64 variable and of a token of type REAL64  
;  11 TYP_STRUCT,            Type of a structure variable and of a token of type structure
;  12 TYP_POINTER,           Type of a pointer                                          
;  13 TYP_POINTER_ABSOLUT,   An absolute address                                       
;  14 TYP_KOM,               Token type Kommentar                                          
;  15 TYP_JUMP,              Token type Zeiger auf Unterstruktur                           
;  16 TYP_EOF,               Token type EOF                                                
;  17 TYP_REAL32,            Token type REAL32                                             
;  18 TYP_CHAR,              Token type CHAR                                               
;  19 TYP_STRING,            Token type STRING                                             
;  20 TYP_ADRESSE,           Token type ADRESSE                                            
;  21 TYP_IGNORE,            Token type 'Ignore token' (run over)                  
;  22 TYP_SYMBOL,            Token type SYMBOL : text -> SGN32 value                       
;  23 TYP_A3_REAL64,         Token type REAL64[3]                                          
;  24 TYP_HIGH_RES_SGN_POS,  Token type HIGH_RES_SIGN_POS                                  
;
;
; Name                        Type       Size in Bytes   Default value
;
; Take over from hochlauf.lis!
mc_prg_path_0_r                19        256              ../Roboter/isgnc/prg
mc_prg_typ_0_r                  4          2              0x07           ;Haupt- und Unterprogrammpfad und Pfad fuer MSG SAVE Befehl
mc_prg_prio_0_r                 4          2              1
mc_prg_path_1_r                19        256              ../Roboter/isgnc/prg_intern
mc_prg_typ_1_r                  4          2              0x02           # sub program path
mc_prg_prio_1_r                 4          2              2
mc_prg_path_2_r                19        256              ../prg_intern
mc_prg_typ_2_r                  4          2              0x02           # program path for system programs
mc_prg_prio_2_r                 4          2              3
mc_prg_path_3_r                19        256              ../prg_cyc
mc_prg_typ_3_r                  4          2              0x02           # sub program path
mc_prg_prio_3_r                 4          2              4
mc_prg_path_4_r                19        256              ../prg_sys
mc_prg_typ_4_r                  4          2              0x02           # sub program path
mc_prg_prio_4_r                 4          2              5
mc_prg_path_5_r                19        256              ../Roboter/isgnc/prg_sync

; Constants
TRUE                            1          1              1
FALSE                           1          1              0

; Filename and path for MDI
mc_mdi_path                    19        256              ../Roboter/isgnc/prg_intern
mc_mdi_file                    19        256              isg_ch1_mdi.nc

active_log_nr                   4          2              2
log_nr_sys                      4          2              1

mc_main_prg_path_nr             4          2              1
mc_sub_prg_path_nr              4          2              2
mc_internal_prg_path_nr         4          2              3

mc_list_path_r                 19        256              ../Roboter/isgnc/listen
mc_list_path_nr                 4          2              4

mc_online_help_path_r          19        256              ../Roboter/isgnc/Documentation/CNC-Online-Hilfe
mc_online_help_path_nr          4          2              1
mc_online_help_cmd_file        19        256              Start-Online-Help.cmd

mc_bin_path_r                  19        256              ../Roboter/isgnc/bin
mc_bin_path_nr                  4          2              1
mc_file_applicationhandler_exe 19        256              ApplicationHandler.exe
mc_file_ahmi_dump_bat          19        256              ahmi_dump.bat
mc_file_graftask_exe           19        256              graftask.exe

mc_tools_display_r2_path_r     19        256              ../Roboter/isgnc/Tools/Display R2
mc_tools_display_r2_path_nr     4          2              1
mc_file_display_exe            19        256              Display.exe

mc_diagnose_path_r             19        256              ../Roboter/isgnc/diagnose
mc_diagnose_path_nr             4          2              1
mc_file_cnc_err_txt            19        256              cnc_err.txt
mc_file_ch1_err_txt            19        256              ch1_err.txt

; relative to main path
mc_prg_relative_sub_path_1_r   19        256              ../prg_intern

; variables used for hmi purposes
mc_operation_mode_switch        7          4              0

; file attributes
mc_file_change_date            19        256              01.01.2011
mc_file_create_date            19        256              01.01.2011
mc_English                      1          1              1
mc_German                       1          1              0
mc_Language_Id                  4          4              1
mc_Home_Language               19        256              Please select axis to home
mc_Unhome_Language             19        256              Please select axis to unhome
mc_Unhome2_Language            19        256              No axes to unhome
mc_Home2_Language              19        256              No axes to home

Axes_Positions_ACS             19        256              ACS
Axes_Positions_Actual          19        256              Set
Axes_Positions_Current         19        256              Actual
Axes_Positions_PosLag          19        256              Pos Lag
Axes_Positions_Status          19        256              Status

Axes_Cartesian_PCS             19        256              PCS
Axes_Cartesian_Actual          19        256              Actual
Axes_Cartesian_Target          19        256              Target
Axes_Cartesian_DistToGo        19        256              DistToGo
Axes_Cartesian_Status          19        256              Status

Cartesian_Position             19        256              Cartesian Position
Cartesian_Orientation          19        256              Orientation
IMPORT_FILE_NAME               19        256              C:/KRC/Roboter/isgnc/prg
IMPORT_FILE_PATH               19        256              NewFile.nc
SmartHmi_Language               7          4              0
NEWFILE_NAME                   19        256              New File 1.nc

; option flags
virtuos_hmi_present             1          1              0
mc_dry_run_available            1          1              0
