cnc_ping_request_w
cnc_version_r
cnc_error_message_r
cnc_error_message_value_r
cnc_act_plc_string_0_r
cnc_number_of_axis_r
mc_error_message_r
mc_error_message_value_r
mc_active_g_functions_r
mc_act_plc_string_5_r
V_E_Home_Appear_Status_RD_0
V_E_Home_Appear_Status_RD_1
V_E_Home_Appear_Status_RD_10
V_E_Home_Appear_Status_RD_11
V_E_Home_Appear_Status_RD_12
V_E_Home_Appear_Status_RD_13
V_E_Home_Appear_Status_RD_14
V_E_Home_Appear_Status_RD_15
V_E_Home_Appear_Status_RD_16
V_E_Home_Appear_Status_RD_17
V_E_Home_Appear_Status_RD_18
V_E_Home_Appear_Status_RD_19
V_E_Home_Appear_Status_RD_2
V_E_Home_Appear_Status_RD_20
V_E_Home_Appear_Status_RD_21
V_E_Home_Appear_Status_RD_22
V_E_Home_Appear_Status_RD_23
V_E_Home_Appear_Status_RD_24
V_E_Home_Appear_Status_RD_25
V_E_Home_Appear_Status_RD_26
V_E_Home_Appear_Status_RD_27
V_E_Home_Appear_Status_RD_28
V_E_Home_Appear_Status_RD_29
V_E_Home_Appear_Status_RD_3
V_E_Home_Appear_Status_RD_30
V_E_Home_Appear_Status_RD_31
V_E_Home_Appear_Status_RD_4
V_E_Home_Appear_Status_RD_5
V_E_Home_Appear_Status_RD_6
V_E_Home_Appear_Status_RD_7
V_E_Home_Appear_Status_RD_8
V_E_Home_Appear_Status_RD_9
V_E_SYS_HMI_BOOL_RD_0
V_E_SYS_HMI_BOOL_RD_1
V_E_SYS_HMI_BOOL_RD_11
V_E_SYS_HMI_BOOL_RD_12
V_E_SYS_HMI_BOOL_RD_13
V_E_SYS_HMI_BOOL_RD_14
V_E_SYS_HMI_BOOL_RD_15
V_E_SYS_HMI_BOOL_RD_16
V_E_SYS_HMI_BOOL_RD_19
V_E_SYS_HMI_BOOL_RD_2
V_E_SYS_HMI_BOOL_RD_20
V_E_SYS_HMI_BOOL_RD_21
V_E_SYS_HMI_BOOL_RD_22
V_E_SYS_HMI_BOOL_RD_23
V_E_SYS_HMI_BOOL_RD_24
V_E_SYS_HMI_BOOL_RD_3
V_E_SYS_HMI_BOOL_RD_4
V_E_SYS_HMI_BOOL_RD_5
V_E_SYS_HMI_BOOL_RD_6
V_E_SYS_HMI_BOOL_RD_7
V_E_SYS_HMI_BOOL_RD_8
V_E_SYS_HMI_BOOL_RD_9
V_E_SYS_HMI_BOOL_RD_25
V_E_SYS_HMI_BOOL_WR_10
V_E_SYS_HMI_BOOL_WR_11
V_E_SYS_HMI_BOOL_WR_12
V_E_SYS_HMI_BOOL_WR_13
V_E_SYS_HMI_BOOL_WR_14
V_E_SYS_HMI_BOOL_WR_15
V_E_SYS_HMI_BOOL_WR_16
V_E_SYS_HMI_BOOL_WR_17
V_E_SYS_HMI_BOOL_WR_18
V_E_SYS_HMI_BOOL_WR_19
V_E_SYS_HMI_BOOL_WR_20
V_E_SYS_HMI_BOOL_WR_21
V_E_SYS_HMI_BOOL_WR_22
V_E_SYS_HMI_BOOL_WR_24
V_E_SYS_HMI_BOOL_WR_3
V_E_SYS_HMI_BOOL_WR_4
V_E_SYS_HMI_BOOL_WR_5
V_E_SYS_HMI_BOOL_WR_6
V_E_SYS_HMI_BOOL_WR_7
V_E_SYS_HMI_BOOL_WR_8
V_E_SYS_HMI_BOOL_WR_9
V_E_SYS_HMI_BOOL_WR_25
V_E_SYS_HMI_SGN32_RD_0
V_E_SYS_HMI_SGN32_RD_1
V_E_SYS_HMI_SGN32_RD_10
V_E_SYS_HMI_SGN32_RD_13
V_E_SYS_HMI_SGN32_RD_14
V_E_SYS_HMI_SGN32_RD_15
V_E_SYS_HMI_SGN32_RD_16
V_E_SYS_HMI_SGN32_RD_17
V_E_SYS_HMI_SGN32_RD_18
V_E_SYS_HMI_SGN32_RD_19
V_E_SYS_HMI_SGN32_RD_2
V_E_SYS_HMI_SGN32_RD_20
V_E_SYS_HMI_SGN32_RD_23
V_E_SYS_HMI_SGN32_RD_24
V_E_SYS_HMI_SGN32_RD_3
V_E_SYS_HMI_SGN32_RD_5
V_E_SYS_HMI_SGN32_RD_6
V_E_SYS_HMI_SGN32_RD_7
V_E_SYS_HMI_SGN32_RD_8
V_E_SYS_HMI_SGN32_RD_9
V_E_SYS_HMI_SGN32_WR_0
V_E_SYS_HMI_SGN32_WR_10
V_E_SYS_HMI_SGN32_WR_13
V_E_SYS_HMI_SGN32_WR_14
V_E_SYS_HMI_SGN32_WR_16
V_E_SYS_HMI_SGN32_WR_18
V_E_SYS_HMI_SGN32_WR_19
V_E_SYS_HMI_SGN32_WR_2
V_E_SYS_HMI_SGN32_WR_24
V_E_SYS_HMI_SGN32_WR_4
V_E_SYS_HMI_SGN32_WR_9
V_E_SYS_HMI_STRING_RD_0
V_E_Unhome_Appear_Status_RD_0
V_E_Unhome_Appear_Status_RD_1
V_E_Unhome_Appear_Status_RD_10
V_E_Unhome_Appear_Status_RD_11
V_E_Unhome_Appear_Status_RD_12
V_E_Unhome_Appear_Status_RD_13
V_E_Unhome_Appear_Status_RD_14
V_E_Unhome_Appear_Status_RD_15
V_E_Unhome_Appear_Status_RD_16
V_E_Unhome_Appear_Status_RD_17
V_E_Unhome_Appear_Status_RD_18
V_E_Unhome_Appear_Status_RD_19
V_E_Unhome_Appear_Status_RD_2
V_E_Unhome_Appear_Status_RD_20
V_E_Unhome_Appear_Status_RD_21
V_E_Unhome_Appear_Status_RD_22
V_E_Unhome_Appear_Status_RD_23
V_E_Unhome_Appear_Status_RD_24
V_E_Unhome_Appear_Status_RD_25
V_E_Unhome_Appear_Status_RD_26
V_E_Unhome_Appear_Status_RD_27
V_E_Unhome_Appear_Status_RD_28
V_E_Unhome_Appear_Status_RD_29
V_E_Unhome_Appear_Status_RD_3
V_E_Unhome_Appear_Status_RD_30
V_E_Unhome_Appear_Status_RD_31
V_E_Unhome_Appear_Status_RD_4
V_E_Unhome_Appear_Status_RD_5
V_E_Unhome_Appear_Status_RD_6
V_E_Unhome_Appear_Status_RD_7
V_E_Unhome_Appear_Status_RD_8
V_E_Unhome_Appear_Status_RD_9
ac_10_active_feedrate_r
ac_10_active_position_acs_r
ac_10_axis_name_r
ac_10_channel_nr_r
ac_10_current_feedrate_r
ac_10_current_position_acs_r
ac_10_direction_r
ac_10_end_position_acs_r
ac_10_homing_done_r
ac_10_in_position_r
ac_10_mode_r
ac_10_position_lag_r
ac_10_state_r
ac_10_type_r
ac_11_active_feedrate_r
ac_11_active_position_acs_r
ac_11_axis_name_r
ac_11_channel_nr_r
ac_11_current_feedrate_r
ac_11_current_position_acs_r
ac_11_direction_r
ac_11_end_position_acs_r
ac_11_homing_done_r
ac_11_in_position_r
ac_11_mode_r
ac_11_position_lag_r
ac_11_state_r
ac_11_type_r
ac_12_active_feedrate_r
ac_12_active_position_acs_r
ac_12_axis_name_r
ac_12_channel_nr_r
ac_12_current_feedrate_r
ac_12_current_position_acs_r
ac_12_direction_r
ac_12_end_position_acs_r
ac_12_homing_done_r
ac_12_in_position_r
ac_12_mode_r
ac_12_position_lag_r
ac_12_state_r
ac_12_type_r
ac_13_active_feedrate_r
ac_13_active_position_acs_r
ac_13_axis_name_r
ac_13_channel_nr_r
ac_13_current_feedrate_r
ac_13_current_position_acs_r
ac_13_direction_r
ac_13_end_position_acs_r
ac_13_homing_done_r
ac_13_in_position_r
ac_13_mode_r
ac_13_position_lag_r
ac_13_state_r
ac_13_type_r
ac_14_active_feedrate_r
ac_14_active_position_acs_r
ac_14_axis_name_r
ac_14_channel_nr_r
ac_14_current_feedrate_r
ac_14_current_position_acs_r
ac_14_direction_r
ac_14_end_position_acs_r
ac_14_homing_done_r
ac_14_in_position_r
ac_14_mode_r
ac_14_position_lag_r
ac_14_state_r
ac_14_type_r
ac_15_active_feedrate_r
ac_15_active_position_acs_r
ac_15_axis_name_r
ac_15_channel_nr_r
ac_15_current_feedrate_r
ac_15_current_position_acs_r
ac_15_direction_r
ac_15_end_position_acs_r
ac_15_homing_done_r
ac_15_in_position_r
ac_15_mode_r
ac_15_position_lag_r
ac_15_state_r
ac_15_type_r
ac_16_active_feedrate_r
ac_16_active_position_acs_r
ac_16_axis_name_r
ac_16_channel_nr_r
ac_16_current_feedrate_r
ac_16_current_position_acs_r
ac_16_direction_r
ac_16_end_position_acs_r
ac_16_homing_done_r
ac_16_in_position_r
ac_16_mode_r
ac_16_position_lag_r
ac_16_state_r
ac_16_type_r
ac_17_active_feedrate_r
ac_17_active_position_acs_r
ac_17_axis_name_r
ac_17_channel_nr_r
ac_17_current_feedrate_r
ac_17_current_position_acs_r
ac_17_direction_r
ac_17_end_position_acs_r
ac_17_homing_done_r
ac_17_in_position_r
ac_17_mode_r
ac_17_position_lag_r
ac_17_state_r
ac_17_type_r
ac_18_active_feedrate_r
ac_18_active_position_acs_r
ac_18_axis_name_r
ac_18_channel_nr_r
ac_18_current_feedrate_r
ac_18_current_position_acs_r
ac_18_direction_r
ac_18_end_position_acs_r
ac_18_homing_done_r
ac_18_in_position_r
ac_18_mode_r
ac_18_position_lag_r
ac_18_state_r
ac_18_type_r
ac_19_active_feedrate_r
ac_19_active_position_acs_r
ac_19_axis_name_r
ac_19_channel_nr_r
ac_19_current_feedrate_r
ac_19_current_position_acs_r
ac_19_direction_r
ac_19_end_position_acs_r
ac_19_homing_done_r
ac_19_in_position_r
ac_19_mode_r
ac_19_position_lag_r
ac_19_state_r
ac_19_type_r
ac_1_act_plc_key_1_r
ac_1_act_plc_key_2_r
ac_1_active_feedrate_r
ac_1_active_position_acs_r
ac_1_available_plc_key_1_r
ac_1_available_plc_key_2_r
ac_1_axis_name_r
ac_1_channel_nr_r
ac_1_cmd_plc_key_1_r
ac_1_cmd_plc_key_1_w
ac_1_cmd_plc_key_2_r
ac_1_cmd_plc_key_2_w
ac_1_current_feedrate_r
ac_1_current_position_acs_r
ac_1_direction_r
ac_1_end_position_acs_r
ac_1_homing_done_r
ac_1_icon_id_plc_key_1_r
ac_1_icon_id_plc_key_2_r
ac_1_in_position_r
ac_1_mode_r
ac_1_name_plc_key_1_r
ac_1_name_plc_key_2_r
ac_1_position_lag_r
ac_1_state_r
ac_1_type_r
ac_1_user_level_plc_key_1_r
ac_1_user_level_plc_key_2_r
ac_1_visible_plc_key_1_r
ac_1_visible_plc_key_2_r
ac_20_active_feedrate_r
ac_20_active_position_acs_r
ac_20_axis_name_r
ac_20_channel_nr_r
ac_20_current_feedrate_r
ac_20_current_position_acs_r
ac_20_direction_r
ac_20_end_position_acs_r
ac_20_homing_done_r
ac_20_in_position_r
ac_20_mode_r
ac_20_position_lag_r
ac_20_state_r
ac_20_type_r
ac_21_active_feedrate_r
ac_21_active_position_acs_r
ac_21_axis_name_r
ac_21_channel_nr_r
ac_21_current_feedrate_r
ac_21_current_position_acs_r
ac_21_direction_r
ac_21_end_position_acs_r
ac_21_homing_done_r
ac_21_in_position_r
ac_21_mode_r
ac_21_position_lag_r
ac_21_state_r
ac_21_type_r
ac_22_active_feedrate_r
ac_22_active_position_acs_r
ac_22_axis_name_r
ac_22_channel_nr_r
ac_22_current_feedrate_r
ac_22_current_position_acs_r
ac_22_direction_r
ac_22_end_position_acs_r
ac_22_homing_done_r
ac_22_in_position_r
ac_22_mode_r
ac_22_position_lag_r
ac_22_state_r
ac_22_type_r
ac_23_active_feedrate_r
ac_23_active_position_acs_r
ac_23_axis_name_r
ac_23_channel_nr_r
ac_23_current_feedrate_r
ac_23_current_position_acs_r
ac_23_direction_r
ac_23_end_position_acs_r
ac_23_homing_done_r
ac_23_in_position_r
ac_23_mode_r
ac_23_position_lag_r
ac_23_state_r
ac_23_type_r
ac_24_active_feedrate_r
ac_24_active_position_acs_r
ac_24_axis_name_r
ac_24_channel_nr_r
ac_24_current_feedrate_r
ac_24_current_position_acs_r
ac_24_direction_r
ac_24_end_position_acs_r
ac_24_homing_done_r
ac_24_in_position_r
ac_24_mode_r
ac_24_position_lag_r
ac_24_state_r
ac_24_type_r
ac_25_active_feedrate_r
ac_25_active_position_acs_r
ac_25_axis_name_r
ac_25_channel_nr_r
ac_25_current_feedrate_r
ac_25_current_position_acs_r
ac_25_direction_r
ac_25_end_position_acs_r
ac_25_homing_done_r
ac_25_in_position_r
ac_25_mode_r
ac_25_position_lag_r
ac_25_state_r
ac_25_type_r
ac_26_active_feedrate_r
ac_26_active_position_acs_r
ac_26_axis_name_r
ac_26_channel_nr_r
ac_26_current_feedrate_r
ac_26_current_position_acs_r
ac_26_direction_r
ac_26_end_position_acs_r
ac_26_homing_done_r
ac_26_in_position_r
ac_26_mode_r
ac_26_position_lag_r
ac_26_state_r
ac_26_type_r
ac_27_active_feedrate_r
ac_27_active_position_acs_r
ac_27_axis_name_r
ac_27_channel_nr_r
ac_27_current_feedrate_r
ac_27_current_position_acs_r
ac_27_direction_r
ac_27_end_position_acs_r
ac_27_homing_done_r
ac_27_in_position_r
ac_27_mode_r
ac_27_position_lag_r
ac_27_state_r
ac_27_type_r
ac_28_active_feedrate_r
ac_28_active_position_acs_r
ac_28_axis_name_r
ac_28_channel_nr_r
ac_28_current_feedrate_r
ac_28_current_position_acs_r
ac_28_direction_r
ac_28_end_position_acs_r
ac_28_homing_done_r
ac_28_in_position_r
ac_28_mode_r
ac_28_position_lag_r
ac_28_state_r
ac_28_type_r
ac_29_active_feedrate_r
ac_29_active_position_acs_r
ac_29_axis_name_r
ac_29_channel_nr_r
ac_29_current_feedrate_r
ac_29_current_position_acs_r
ac_29_direction_r
ac_29_end_position_acs_r
ac_29_homing_done_r
ac_29_in_position_r
ac_29_mode_r
ac_29_position_lag_r
ac_29_state_r
ac_29_type_r
ac_2_act_plc_key_1_r
ac_2_act_plc_key_2_r
ac_2_active_feedrate_r
ac_2_active_position_acs_r
ac_2_available_plc_key_1_r
ac_2_available_plc_key_2_r
ac_2_axis_name_r
ac_2_channel_nr_r
ac_2_cmd_plc_key_1_r
ac_2_cmd_plc_key_1_w
ac_2_cmd_plc_key_2_r
ac_2_cmd_plc_key_2_w
ac_2_current_feedrate_r
ac_2_current_position_acs_r
ac_2_direction_r
ac_2_end_position_acs_r
ac_2_homing_done_r
ac_2_icon_id_plc_key_1_r
ac_2_icon_id_plc_key_2_r
ac_2_in_position_r
ac_2_mode_r
ac_2_name_plc_key_1_r
ac_2_name_plc_key_2_r
ac_2_position_lag_r
ac_2_state_r
ac_2_type_r
ac_2_user_level_plc_key_1_r
ac_2_user_level_plc_key_2_r
ac_2_visible_plc_key_1_r
ac_2_visible_plc_key_2_r
ac_30_active_feedrate_r
ac_30_active_position_acs_r
ac_30_axis_name_r
ac_30_channel_nr_r
ac_30_current_feedrate_r
ac_30_current_position_acs_r
ac_30_direction_r
ac_30_end_position_acs_r
ac_30_homing_done_r
ac_30_in_position_r
ac_30_mode_r
ac_30_position_lag_r
ac_30_state_r
ac_30_type_r
ac_31_active_feedrate_r
ac_31_active_position_acs_r
ac_31_axis_name_r
ac_31_channel_nr_r
ac_31_current_feedrate_r
ac_31_current_position_acs_r
ac_31_direction_r
ac_31_end_position_acs_r
ac_31_homing_done_r
ac_31_in_position_r
ac_31_mode_r
ac_31_position_lag_r
ac_31_state_r
ac_31_type_r
ac_32_active_feedrate_r
ac_32_active_position_acs_r
ac_32_axis_name_r
ac_32_channel_nr_r
ac_32_current_feedrate_r
ac_32_current_position_acs_r
ac_32_direction_r
ac_32_end_position_acs_r
ac_32_homing_done_r
ac_32_in_position_r
ac_32_mode_r
ac_32_position_lag_r
ac_32_state_r
ac_32_type_r
ac_3_act_plc_key_1_r
ac_3_act_plc_key_2_r
ac_3_active_feedrate_r
ac_3_active_position_acs_r
ac_3_available_plc_key_1_r
ac_3_available_plc_key_2_r
ac_3_axis_name_r
ac_3_channel_nr_r
ac_3_cmd_plc_key_1_r
ac_3_cmd_plc_key_1_w
ac_3_cmd_plc_key_2_r
ac_3_cmd_plc_key_2_w
ac_3_current_feedrate_r
ac_3_current_position_acs_r
ac_3_direction_r
ac_3_end_position_acs_r
ac_3_homing_done_r
ac_3_icon_id_plc_key_1_r
ac_3_icon_id_plc_key_2_r
ac_3_in_position_r
ac_3_mode_r
ac_3_name_plc_key_1_r
ac_3_name_plc_key_2_r
ac_3_position_lag_r
ac_3_state_r
ac_3_type_r
ac_3_user_level_plc_key_1_r
ac_3_user_level_plc_key_2_r
ac_3_visible_plc_key_1_r
ac_3_visible_plc_key_2_r
ac_4_act_plc_key_1_r
ac_4_act_plc_key_2_r
ac_4_active_feedrate_r
ac_4_active_position_acs_r
ac_4_available_plc_key_1_r
ac_4_available_plc_key_2_r
ac_4_axis_name_r
ac_4_channel_nr_r
ac_4_cmd_plc_key_1_r
ac_4_cmd_plc_key_1_w
ac_4_cmd_plc_key_2_r
ac_4_cmd_plc_key_2_w
ac_4_current_feedrate_r
ac_4_current_position_acs_r
ac_4_direction_r
ac_4_end_position_acs_r
ac_4_homing_done_r
ac_4_icon_id_plc_key_1_r
ac_4_icon_id_plc_key_2_r
ac_4_in_position_r
ac_4_mode_r
ac_4_name_plc_key_1_r
ac_4_name_plc_key_2_r
ac_4_position_lag_r
ac_4_state_r
ac_4_type_r
ac_4_user_level_plc_key_1_r
ac_4_user_level_plc_key_2_r
ac_4_visible_plc_key_1_r
ac_4_visible_plc_key_2_r
ac_5_act_plc_key_1_r
ac_5_act_plc_key_2_r
ac_5_active_feedrate_r
ac_5_active_position_acs_r
ac_5_available_plc_key_1_r
ac_5_available_plc_key_2_r
ac_5_axis_name_r
ac_5_channel_nr_r
ac_5_cmd_plc_key_1_r
ac_5_cmd_plc_key_1_w
ac_5_cmd_plc_key_2_r
ac_5_cmd_plc_key_2_w
ac_5_current_feedrate_r
ac_5_current_position_acs_r
ac_5_direction_r
ac_5_end_position_acs_r
ac_5_homing_done_r
ac_5_icon_id_plc_key_1_r
ac_5_icon_id_plc_key_2_r
ac_5_in_position_r
ac_5_mode_r
ac_5_name_plc_key_1_r
ac_5_name_plc_key_2_r
ac_5_position_lag_r
ac_5_state_r
ac_5_type_r
ac_5_user_level_plc_key_1_r
ac_5_user_level_plc_key_2_r
ac_5_visible_plc_key_1_r
ac_5_visible_plc_key_2_r
ac_6_act_plc_key_1_r
ac_6_act_plc_key_2_r
ac_6_active_feedrate_r
ac_6_active_position_acs_r
ac_6_available_plc_key_1_r
ac_6_available_plc_key_2_r
ac_6_axis_name_r
ac_6_channel_nr_r
ac_6_cmd_plc_key_1_r
ac_6_cmd_plc_key_1_w
ac_6_cmd_plc_key_2_r
ac_6_cmd_plc_key_2_w
ac_6_current_feedrate_r
ac_6_current_position_acs_r
ac_6_direction_r
ac_6_end_position_acs_r
ac_6_homing_done_r
ac_6_icon_id_plc_key_1_r
ac_6_icon_id_plc_key_2_r
ac_6_in_position_r
ac_6_mode_r
ac_6_name_plc_key_1_r
ac_6_name_plc_key_2_r
ac_6_position_lag_r
ac_6_state_r
ac_6_type_r
ac_6_user_level_plc_key_1_r
ac_6_user_level_plc_key_2_r
ac_6_visible_plc_key_1_r
ac_6_visible_plc_key_2_r
ac_7_active_feedrate_r
ac_7_active_position_acs_r
ac_7_axis_name_r
ac_7_channel_nr_r
ac_7_current_feedrate_r
ac_7_current_position_acs_r
ac_7_direction_r
ac_7_end_position_acs_r
ac_7_homing_done_r
ac_7_in_position_r
ac_7_mode_r
ac_7_position_lag_r
ac_7_state_r
ac_7_type_r
ac_8_active_feedrate_r
ac_8_active_position_acs_r
ac_8_axis_name_r
ac_8_channel_nr_r
ac_8_current_feedrate_r
ac_8_current_position_acs_r
ac_8_direction_r
ac_8_end_position_acs_r
ac_8_homing_done_r
ac_8_in_position_r
ac_8_mode_r
ac_8_position_lag_r
ac_8_state_r
ac_8_type_r
ac_9_active_feedrate_r
ac_9_active_position_acs_r
ac_9_axis_name_r
ac_9_channel_nr_r
ac_9_current_feedrate_r
ac_9_current_position_acs_r
ac_9_direction_r
ac_9_end_position_acs_r
ac_9_homing_done_r
ac_9_in_position_r
ac_9_mode_r
ac_9_position_lag_r
ac_9_state_r
ac_9_type_r
cnc_act_plc_key_1_r
cnc_act_plc_string_1_r
cnc_available_plc_key_1_r
cnc_available_plc_string_1_r
cnc_cmd_plc_key_1_r
cnc_cmd_plc_key_1_w
cnc_cmd_plc_string_1_r
cnc_cmd_plc_string_1_w
cnc_icon_id_plc_key_1_r
cnc_icon_id_plc_string_1_r
cnc_name_plc_key_1_r
cnc_name_plc_string_1_r
cnc_user_level_plc_key_1_r
cnc_user_level_plc_string_1_r
cnc_visible_plc_key_1_r
cnc_visible_plc_string_1_r
mc_act_plc_key_0_r
mc_act_plc_key_28_r
mc_act_plc_key_29_r
mc_act_plc_string_1_r
mc_active_blocknumber_r
mc_active_feedrate_r
mc_active_file_name_r
mc_active_file_offset_r
mc_available_plc_key_0_r
mc_available_plc_key_28_r
mc_available_plc_key_29_r
mc_available_plc_string_1_r
mc_ax_1_active_position_pcs_r
mc_ax_1_curr_position_pcs_r
mc_ax_1_distance_to_go_pcs_r
mc_ax_1_end_position_pcs_r
mc_ax_2_active_position_pcs_r
mc_ax_2_curr_position_pcs_r
mc_ax_2_distance_to_go_pcs_r
mc_ax_2_end_position_pcs_r
mc_ax_3_active_position_pcs_r
mc_ax_3_curr_position_pcs_r
mc_ax_3_distance_to_go_pcs_r
mc_ax_3_end_position_pcs_r
mc_ax_4_active_position_pcs_r
mc_ax_4_curr_position_pcs_r
mc_ax_4_distance_to_go_pcs_r
mc_ax_4_end_position_pcs_r
mc_ax_5_active_position_pcs_r
mc_ax_5_curr_position_pcs_r
mc_ax_5_distance_to_go_pcs_r
mc_ax_5_end_position_pcs_r
mc_ax_6_active_position_pcs_r
mc_ax_6_curr_position_pcs_r
mc_ax_6_distance_to_go_pcs_r
mc_ax_6_end_position_pcs_r
mc_axis_1_homing_done_r
mc_axis_1_logical_no_r
mc_axis_1_name_r
mc_axis_1_state_r
mc_axis_1_type_r
mc_axis_2_homing_done_r
mc_axis_2_logical_no_r
mc_axis_2_name_r
mc_axis_2_state_r
mc_axis_2_type_r
mc_axis_3_homing_done_r
mc_axis_3_logical_no_r
mc_axis_3_name_r
mc_axis_3_state_r
mc_axis_3_type_r
mc_axis_4_homing_done_r
mc_axis_4_logical_no_r
mc_axis_4_name_r
mc_axis_4_state_r
mc_axis_4_type_r
mc_axis_5_homing_done_r
mc_axis_5_logical_no_r
mc_axis_5_name_r
mc_axis_5_state_r
mc_axis_5_type_r
mc_axis_6_homing_done_r
mc_axis_6_logical_no_r
mc_axis_6_name_r
mc_axis_6_state_r
mc_axis_6_type_r
mc_cmd_plc_key_0_r
mc_cmd_plc_key_0_w
mc_cmd_plc_key_28_r
mc_cmd_plc_key_28_w
mc_cmd_plc_key_29_r
mc_cmd_plc_key_29_w
mc_cmd_plc_string_1_r
mc_cmd_plc_string_1_w
mc_command_feedrate_override_r
mc_command_feedrate_r
mc_dry_run_available
mc_icon_id_plc_key_0_r
mc_icon_id_plc_key_28_r
mc_icon_id_plc_key_29_r
mc_icon_id_plc_string_1_r
mc_name_plc_key_0_r
mc_name_plc_key_28_r
mc_name_plc_key_29_r
mc_name_plc_string_1_r
mc_stop_conditions_r
mc_user_level_plc_key_0_r
mc_user_level_plc_key_28_r
mc_user_level_plc_key_29_r
mc_user_level_plc_string_1_r
mc_ve_All_Axes_Homed_rd
mc_ve_All_Axes_Unhomed_rd
mc_ve_CURRENT_NC_PRG_rd
mc_ve_CURRENT_NC_PRG_wr
mc_ve_DRY_RUN_rd
mc_ve_DRY_RUN_wr
mc_ve_EXECUTION_MODE_rd
mc_ve_HMI_ACS_PCS_SWITCH_ACK_rd
mc_ve_HMI_ACS_PCS_SWITCH_BUTTON_rd
mc_ve_HMI_ACS_PCS_SWITCH_BUTTON_wr
mc_ve_HMI_BACKWARD_BUTTON_rd
mc_ve_HMI_BACKWARD_BUTTON_wr
mc_ve_HMI_BLOCK_SKIP_BUTTON_rd
mc_ve_HMI_BLOCK_SKIP_BUTTON_wr
mc_ve_HMI_FILE_SAVE_BUTTON_ID_rd
mc_ve_HMI_FILE_SAVE_BUTTON_ID_wr
mc_ve_HMI_FILE_SAVE_BUTTON_rd
mc_ve_HMI_FILE_SAVE_BUTTON_wr
mc_ve_HMI_HIDE_INFO_WINDOW_rd
mc_ve_HMI_HIDE_INFO_WINDOW_wr
mc_ve_HMI_IW_SWITCH_MAIN_PART_rd
mc_ve_HMI_IW_SWITCH_MAIN_PART_wr
mc_ve_HMI_MULTI_BUTTON_1_rd
mc_ve_HMI_MULTI_BUTTON_1_wr
mc_ve_HMI_MULTI_BUTTON_2_rd
mc_ve_HMI_MULTI_BUTTON_2_wr
mc_ve_HMI_MULTI_BUTTON_3_rd
mc_ve_HMI_MULTI_BUTTON_3_wr
mc_ve_HMI_MULTI_BUTTON_ID_1_rd
mc_ve_HMI_MULTI_BUTTON_ID_1_wr
mc_ve_HMI_MULTI_BUTTON_ID_2_rd
mc_ve_HMI_MULTI_BUTTON_ID_2_wr
mc_ve_HMI_MW_SWITCH_MAIN_PART_rd
mc_ve_HMI_MW_SWITCH_MAIN_PART_wr
mc_ve_HMI_OPERATION_MODE_rd
mc_ve_HMI_OPERATION_MODE_wr
mc_ve_HMI_OPTIONAL_STOP_BUTTON_rd
mc_ve_HMI_OPTIONAL_STOP_BUTTON_wr
mc_ve_HMI_SET_SPEED_BUTTON_rd
mc_ve_HMI_SET_SPEED_BUTTON_wr
mc_ve_HMI_SINGLE_STEP_BUTTON_rd
mc_ve_HMI_SINGLE_STEP_BUTTON_wr
mc_ve_HMI_SPINDLE_BUTTON_rd
mc_ve_HMI_SPINDLE_BUTTON_wr
mc_ve_HMI_COOLING_BUTTON_rd
mc_ve_HMI_COOLING_BUTTON_wr
mc_ve_HMI_VACUUM_BUTTON_rd
mc_ve_HMI_VACUUM_BUTTON_wr
mc_ve_HMI_SPINDLE_BUTTON_ACT_rd
mc_ve_HMI_SPINDLE_BUTTON_ACT_wr
mc_ve_HMI_COOLING_BUTTON_ACT_rd
mc_ve_HMI_COOLING_BUTTON_ACT_wr
mc_ve_HMI_VACUUM_BUTTON_ACT_rd
mc_ve_HMI_VACUUM_BUTTON_ACT_wr
mc_ve_HOME_AXIS_IDX_wr
mc_ve_HOME_BUTTON_wr
mc_ve_NC_FILE_BLOCK_NUMBER_rd
mc_ve_NC_FILE_BLOCK_NUMBER_wr
mc_ve_NC_FILE_OFFSET_rd
mc_ve_NC_FILE_OFFSET_wr
mc_ve_NC_FILE_PROGRESS_rd
mc_ve_NC_FILE_PROGRESS_wr
mc_ve_NC_FILE_SIZE_rd
mc_ve_NC_FILE_SIZE_wr
mc_ve_NC_LOG_PATH_NUMBER_rd
mc_ve_NC_LOG_PATH_NUMBER_wr
mc_ve_NC_REJECT_FILE_FLAG_rd
mc_ve_NC_REJECT_FILE_FLAG_wr
mc_ve_NC_RELOAD_FILE_FLAG_rd
mc_ve_NC_RELOAD_FILE_FLAG_wr
mc_ve_NC_SAVE_FILE_FLAG_rd
mc_ve_NC_SAVE_FILE_FLAG_wr
mc_ve_PATH_NC_PRG_rd
mc_ve_PATH_NC_PRG_wr
mc_ve_PLC_STOPPED_rd
mc_ve_SELECTED_NC_PRG_rd
mc_ve_SELECTED_NC_PRG_wr
mc_ve_TEACH_FILE_NAME_wr
mc_ve_UNHOME_AXIS_IDX_wr
mc_ve_UNHOME_BUTTON_wr
mc_ve_AXES_GRP_CHANGE_wr
mc_ve_AXES_GRP_CHANGE_rd
mc_visible_plc_key_0_r
mc_visible_plc_key_28_r
mc_visible_plc_key_29_r
mc_visible_plc_string_1_r
mc_ve_AXES_POS_BUTTON_wr
mc_ve_CHANGE_AXES_CARTESIAN_rd
mc_ve_AXES_POS_BUT_SYNC_rd
mc_ve_FILE_OPERA_BUT_PG_CON_rd
mc_ve_SAVE_AS_BUTTON_rd
mc_ve_SAVE_AS_PRESSED_rd
mc_ve_SAVE_AS_PRESSED_wr
mc_ve_SAVE_AS_CONTROL_ELEMENT_rd
mc_ve_SAVE_AS_CONTROL_ELEMENT_wr
mc_ve_SAVE_AS_ELEMENT_CLOSE_rd
mc_ve_SAVE_AS_ELEMENT_CLOSE_wr
mc_ve_NEW_FILE_NAME_rd
mc_ve_NEW_FILE_NAME_wr
mc_ve_SAVE_AS_SIGNAL_rd
mc_ve_SAVE_AS_SIGNAL_wr
mc_ve_PLC_SAVE_AS_CMND_rd
mc_ve_PLC_SAVE_AS_CMND_wr
mc_ve_FILE_OPERA_WG_PG_CON_rd
mc_ve_FILE_OPERA_WG_PG_CON_wr
mc_ve_DELETE_FILE_CLOSE_rd
mc_ve_DELETE_FILE_CLOSE_wr
mc_ve_DELETE_FILE_PRESSED_rd
mc_ve_DELETE_FILE_PRESSED_wr
mc_ve_IMPORT_FILE_PRESSED_rd
mc_ve_IMPORT_FILE_PRESSED_wr
mc_ve_IMPORT_FILE_CLOSE_rd
mc_ve_IMPORT_FILE_CLOSE_wr
mc_ve_PRG_INTERN_PRESSED_rd
mc_ve_PRG_INTERN_PRESSED_wr
mc_ve_DIRECTORY_CONTROL_rd
mc_ve_DIRECTORY_CONTROL_wr
V_E_MANUAL_MOTION_AXIS_NO_RD_0
V_E_MANUAL_MOTION_AXIS_NO_RD_1
V_E_MANUAL_MOTION_AXIS_NO_RD_2
V_E_MANUAL_MOTION_AXIS_NO_RD_3
V_E_MANUAL_MOTION_AXIS_NO_RD_4
V_E_MANUAL_MOTION_AXIS_NO_RD_5
V_E_MANUAL_MOTION_AXIS_NO_WR_0
V_E_MANUAL_MOTION_AXIS_NO_WR_1
V_E_MANUAL_MOTION_AXIS_NO_WR_2
V_E_MANUAL_MOTION_AXIS_NO_WR_3
V_E_MANUAL_MOTION_AXIS_NO_WR_4
V_E_MANUAL_MOTION_AXIS_NO_WR_5
V_E_MANUAL_MOTION_WDG_RD_0
V_E_MANUAL_MOTION_WDG_RD_1
V_E_MANUAL_MOTION_WDG_RD_2
V_E_MANUAL_MOTION_WDG_RD_3
V_E_MANUAL_MOTION_WDG_RD_4
V_E_MANUAL_MOTION_WDG_RD_5
V_E_MANUAL_MOTION_WDG_WR_0
V_E_MANUAL_MOTION_WDG_WR_1
V_E_MANUAL_MOTION_WDG_WR_2
V_E_MANUAL_MOTION_WDG_WR_3
V_E_MANUAL_MOTION_WDG_WR_4
V_E_MANUAL_MOTION_WDG_WR_5
V_E_MANUAL_MOTION_PLUS_RD_0
V_E_MANUAL_MOTION_PLUS_RD_1
V_E_MANUAL_MOTION_PLUS_RD_2
V_E_MANUAL_MOTION_PLUS_RD_3
V_E_MANUAL_MOTION_PLUS_RD_4
V_E_MANUAL_MOTION_PLUS_RD_5
V_E_MANUAL_MOTION_PLUS_WR_0
V_E_MANUAL_MOTION_PLUS_WR_1
V_E_MANUAL_MOTION_PLUS_WR_2
V_E_MANUAL_MOTION_PLUS_WR_3
V_E_MANUAL_MOTION_PLUS_WR_4
V_E_MANUAL_MOTION_PLUS_WR_5
V_E_MANUAL_MOTION_MINUS_RD_0
V_E_MANUAL_MOTION_MINUS_RD_1
V_E_MANUAL_MOTION_MINUS_RD_2
V_E_MANUAL_MOTION_MINUS_RD_3
V_E_MANUAL_MOTION_MINUS_RD_4
V_E_MANUAL_MOTION_MINUS_RD_5
V_E_MANUAL_MOTION_MINUS_WR_0
V_E_MANUAL_MOTION_MINUS_WR_1
V_E_MANUAL_MOTION_MINUS_WR_2
V_E_MANUAL_MOTION_MINUS_WR_3
V_E_MANUAL_MOTION_MINUS_WR_4
V_E_MANUAL_MOTION_MINUS_WR_5
V_E_MANUAL_MOTION_MOVE_ENABLE_RD_0
V_E_MANUAL_MOTION_MOVE_ENABLE_RD_1
V_E_MANUAL_MOTION_MOVE_ENABLE_RD_2
V_E_MANUAL_MOTION_MOVE_ENABLE_RD_3
V_E_MANUAL_MOTION_MOVE_ENABLE_RD_4
V_E_MANUAL_MOTION_MOVE_ENABLE_RD_5
V_E_MANUAL_MOTION_MOVE_ENABLE_WR_0
V_E_MANUAL_MOTION_MOVE_ENABLE_WR_1
V_E_MANUAL_MOTION_MOVE_ENABLE_WR_2
V_E_MANUAL_MOTION_MOVE_ENABLE_WR_3
V_E_MANUAL_MOTION_MOVE_ENABLE_WR_4
V_E_MANUAL_MOTION_MOVE_ENABLE_WR_5
mc_ve_KRC_JOG_OVERRIDE_rd
mc_ve_KRC_JOG_OVERRIDE_wr
mc_ve_SmartHMI_UserLevel_wr
mc_ve_SmartHMI_UserLevel_rd
mc_ve_DIS_BUTTON_ERROR_wr
mc_ve_DIS_BUTTON_ERROR_rd
mc_ve_HMI_SPINDLE_FUNCS_ACT_rd
mc_ve_HMI_SPINDLE_FUNCS_ACT_wr
mc_active_file_path_nr_r
mc_ve_NEW_FILE_PRESSED_rd
mc_ve_NEW_FILE_PRESSED_wr
mc_ve_RENAME_FILE_CLOSE_rd
mc_ve_RENAME_FILE_CLOSE_wr
mc_sda_mds_file_w
mc_clamp_position_file_w
mc_zero_offset_file_w
mc_tool_file_w
mc_interpr_achs_mds_log_ax_nr_w
mc_interpr_achs_mds_file_w